<?xml version="1.0" encoding="UTF-8"?>
<!-- Generated by org.testng.reporters.JUnitReportReporter -->
<testsuite hostname="DESKTOP-DROA90H" failures="0" tests="4" name="com.Mithila.CrossBrowsertesting" time="44.743" errors="0" timestamp="2024-08-21T10:49:02 IST" skipped="1">
  <testcase classname="com.Mithila.CrossBrowsertesting" name="firefox" time="12.116"/>
  <system-out/>
  <testcase classname="com.Mithila.CrossBrowsertesting" name="firefox" time="18.275"/>
  <system-out/>
  <testcase classname="com.Mithila.CrossBrowsertesting" name="firefox" time="14.352"/>
  <system-out/>
  <testcase classname="com.Mithila.CrossBrowsertesting" name="chrome">
    <skipped/>
  </testcase> <!-- chrome -->
  <system-out/>
</testsuite> <!-- com.Mithila.CrossBrowsertesting -->
