<?xml version="1.0" encoding="UTF-8"?>
<!-- Generated by org.testng.reporters.JUnitReportReporter -->
<testsuite hostname="DESKTOP-DROA90H" failures="0" tests="3" name="com.Mithila.RunnerClass" time="20.167" errors="0" timestamp="2024-08-19T13:35:33 IST" skipped="0">
  <testcase classname="com.Mithila.RunnerClass" name="browser" time="18.968"/>
  <system-out/>
  <testcase classname="com.Mithila.RunnerClass" name="search" time="0.767"/>
  <system-out/>
  <testcase classname="com.Mithila.RunnerClass" name="close" time="0.432"/>
  <system-out/>
</testsuite> <!-- com.Mithila.RunnerClass -->
