<?xml version="1.0" encoding="UTF-8"?>
<!-- Generated by org.testng.reporters.JUnitReportReporter -->
<testsuite hostname="DESKTOP-DROA90H" failures="0" tests="6" name="com.Mithila.GroupingMethods" time="0.249" errors="0" timestamp="2024-08-21T15:31:06 IST" skipped="0">
  <testcase classname="com.Mithila.GroupingMethods" name="laptop" time="0.003"/>
  <system-out/>
  <testcase classname="com.Mithila.GroupingMethods" name="Mobile" time="0.214"/>
  <system-out/>
  <testcase classname="com.Mithila.GroupingMethods" name="Tv" time="0.004"/>
  <system-out/>
  <testcase classname="com.Mithila.GroupingMethods" name="mutton" time="0.003"/>
  <system-out/>
  <testcase classname="com.Mithila.GroupingMethods" name="chicken" time="0.010"/>
  <system-out/>
  <testcase classname="com.Mithila.GroupingMethods" name="egg" time="0.015"/>
  <system-out/>
</testsuite> <!-- com.Mithila.GroupingMethods -->
