<?xml version="1.0" encoding="UTF-8"?>
<!-- Generated by org.testng.reporters.JUnitReportReporter -->
<testsuite hostname="DESKTOP-DROA90H" failures="0" tests="1" name="com.Mithila.FileUpload" time="11.909" errors="0" timestamp="2024-08-23T07:14:54 IST" skipped="0">
  <testcase classname="com.Mithila.FileUpload" name="fileData" time="11.909"/>
  <system-out/>
</testsuite> <!-- com.Mithila.FileUpload -->
