<?xml version="1.0" encoding="UTF-8"?>
<!-- Generated by org.testng.reporters.JUnitReportReporter -->
<testsuite hostname="DESKTOP-DROA90H" failures="0" tests="3" name="com.Mithila.DataProvider" time="42.833" errors="0" timestamp="2024-08-23T06:37:28 IST" skipped="0">
  <testcase classname="com.Mithila.DataProvider" name="login" time="14.724"/>
  <system-out/>
  <testcase classname="com.Mithila.DataProvider" name="login" time="21.860"/>
  <system-out/>
  <testcase classname="com.Mithila.DataProvider" name="login" time="6.249"/>
  <system-out/>
</testsuite> <!-- com.Mithila.DataProvider -->
